<?xml version="1.0" encoding="UTF-8"?>
<!-- Generated by org.testng.reporters.JUnitReportReporter -->
<testsuite hostname="Reshma-PC" failures="0" tests="1" name="RequestChaining.CreateProjectAndGet" time="30.907" errors="0" timestamp="2022-08-01T09:41:28 IST" skipped="0">
  <testcase classname="RequestChaining.CreateProjectAndGet" name="createProjectAndGet" time="30.907"/>
  <system-out/>
</testsuite> <!-- RequestChaining.CreateProjectAndGet -->
