<?xml version="1.0" encoding="UTF-8"?>
<!-- Generated by org.testng.reporters.JUnitReportReporter -->
<testsuite hostname="Reshma-PC" failures="0" tests="1" name="ParametersTest.PathParameter" time="3.289" errors="0" timestamp="2022-08-01T07:54:30 IST" skipped="0">
  <testcase classname="ParametersTest.PathParameter" name="pathParameter" time="3.289"/>
  <system-out/>
</testsuite> <!-- ParametersTest.PathParameter -->
