<?xml version="1.0" encoding="UTF-8"?>
<!-- Generated by org.testng.reporters.JUnitReportReporter -->
<testsuite hostname="Reshma-PC" failures="0" tests="1" name="Authentication.BasicOath" time="5.579" errors="0" timestamp="2022-07-16T13:06:06 IST" skipped="0">
  <testcase classname="Authentication.BasicOath" name="basicAuth" time="5.579"/>
  <system-out/>
</testsuite> <!-- Authentication.BasicOath -->
