<?xml version="1.0" encoding="UTF-8"?>
<!-- Generated by org.testng.reporters.JUnitReportReporter -->
<testsuite hostname="Reshma-PC" failures="0" tests="1" name="ResponseValidation.StaticResponseValidation" time="4.367" errors="0" timestamp="2022-07-08T13:11:27 IST" skipped="0">
  <testcase classname="ResponseValidation.StaticResponseValidation" name="staticResponseValidation" time="4.367"/>
  <system-out/>
</testsuite> <!-- ResponseValidation.StaticResponseValidation -->
