<?xml version="1.0" encoding="UTF-8"?>
<!-- Generated by org.testng.reporters.JUnitReportReporter -->
<testsuite hostname="Reshma-PC" failures="0" tests="1" name="CRUDwithBdd.CreateProjectTest" time="15.941" errors="0" timestamp="2022-07-07T17:06:13 IST" skipped="0">
  <testcase classname="CRUDwithBdd.CreateProjectTest" name="createProjectTest" time="15.941"/>
  <system-out/>
</testsuite> <!-- CRUDwithBdd.CreateProjectTest -->
