<?xml version="1.0" encoding="UTF-8"?>
<!-- Generated by org.testng.reporters.JUnitReportReporter -->
<testsuite hostname="Reshma-PC" failures="0" tests="1" name="CRUDwithoutBdd.GetAllProjectTest" time="3.216" errors="0" timestamp="2022-07-29T22:06:55 IST" skipped="0">
  <testcase classname="CRUDwithoutBdd.GetAllProjectTest" name="getAllProjectTest" time="3.216"/>
  <system-out/>
</testsuite> <!-- CRUDwithoutBdd.GetAllProjectTest -->
