<?xml version="1.0" encoding="UTF-8"?>
<!-- Generated by org.testng.reporters.JUnitReportReporter -->
<testsuite hostname="Reshma-PC" failures="0" tests="1" name="DiiferentWaysToPostRequest.CreateProjectUsingPojo" time="4.874" errors="0" timestamp="2022-07-08T10:46:56 IST" skipped="0">
  <testcase classname="DiiferentWaysToPostRequest.CreateProjectUsingPojo" name="createProjectUsingPojo" time="4.874"/>
  <system-out/>
</testsuite> <!-- DiiferentWaysToPostRequest.CreateProjectUsingPojo -->
