<?xml version="1.0" encoding="UTF-8"?>
<!-- Generated by org.testng.reporters.JUnitReportReporter -->
<testsuite hostname="Reshma-PC" failures="0" tests="1" name="CRUDwithBdd.GetSingleTest" time="3.327" errors="0" timestamp="2022-07-17T23:34:23 IST" skipped="0">
  <testcase classname="CRUDwithBdd.GetSingleTest" name="getSingleTest" time="3.327"/>
  <system-out/>
</testsuite> <!-- CRUDwithBdd.GetSingleTest -->
