<?xml version="1.0" encoding="UTF-8"?>
<!-- Generated by org.testng.reporters.JUnitReportReporter -->
<testsuite hostname="Reshma-PC" failures="0" tests="1" name="DiiferentWaysToPostRequest.JSonProjectUsingHashMap" time="4.272" errors="0" timestamp="2022-07-08T11:04:24 IST" skipped="0">
  <testcase classname="DiiferentWaysToPostRequest.JSonProjectUsingHashMap" name="JsonObject" time="4.272"/>
  <system-out/>
</testsuite> <!-- DiiferentWaysToPostRequest.JSonProjectUsingHashMap -->
