<?xml version="1.0" encoding="UTF-8"?>
<!-- Generated by org.testng.reporters.JUnitReportReporter -->
<testsuite hostname="Reshma-PC" failures="0" tests="1" name="Authentication.Oauth2Test" time="5.953" errors="0" timestamp="2022-07-18T10:43:44 IST" skipped="0">
  <testcase classname="Authentication.Oauth2Test" name="oauth2Test" time="5.953"/>
  <system-out>
    <![CDATA[1db6e7b10352adb73b82ff6b3b278cc81a410e02]]>
  </system-out>
</testsuite> <!-- Authentication.Oauth2Test -->
