<?xml version="1.0" encoding="UTF-8"?>
<!-- Generated by org.testng.reporters.JUnitReportReporter -->
<testsuite hostname="Reshma-PC" failures="0" tests="1" name="DiiferentWaysToPostRequest.CreateProjectUsingJsonFile" time="5.107" errors="0" timestamp="2022-07-08T11:27:59 IST" skipped="0">
  <testcase classname="DiiferentWaysToPostRequest.CreateProjectUsingJsonFile" name="createprojectByUsingJsonFFile" time="5.107"/>
  <system-out/>
</testsuite> <!-- DiiferentWaysToPostRequest.CreateProjectUsingJsonFile -->
