<?xml version="1.0" encoding="UTF-8"?>
<!-- Generated by org.testng.reporters.JUnitReportReporter -->
<testsuite hostname="Reshma-PC" failures="0" tests="1" name="ResponseValidation.ResponseTimeValidation" time="3.399" errors="0" timestamp="2022-07-08T15:40:08 IST" skipped="0">
  <testcase classname="ResponseValidation.ResponseTimeValidation" name="responseTimeValidation" time="3.399"/>
  <system-out/>
</testsuite> <!-- ResponseValidation.ResponseTimeValidation -->
