<?xml version="1.0" encoding="UTF-8"?>
<!-- Generated by org.testng.reporters.JUnitReportReporter -->
<testsuite hostname="Reshma-PC" failures="0" tests="1" name="DataDrivenTest.PostGetDeleteProject" time="4.870" errors="0" timestamp="2022-08-01T06:39:12 IST" skipped="0">
  <testcase classname="DataDrivenTest.PostGetDeleteProject" name="postGetDelete" time="4.870"/>
  <system-out/>
</testsuite> <!-- DataDrivenTest.PostGetDeleteProject -->
