<?xml version="1.0" encoding="UTF-8"?>
<!-- Generated by org.testng.reporters.JUnitReportReporter -->
<testsuite hostname="Reshma-PC" failures="0" tests="1" name="CRUDwithBdd.GetProjectDetails" time="2.586" errors="0" timestamp="2022-07-29T20:14:10 IST" skipped="0">
  <testcase classname="CRUDwithBdd.GetProjectDetails" name="getProjectDetails" time="2.586"/>
  <system-out/>
</testsuite> <!-- CRUDwithBdd.GetProjectDetails -->
