<?xml version="1.0" encoding="UTF-8"?>
<!-- Generated by org.testng.reporters.JUnitReportReporter -->
<testsuite hostname="Reshma-PC" failures="0" tests="1" name="RequestChaining.CreateProjectGetAndUpdate" time="6.690" errors="0" timestamp="2022-07-18T07:44:06 IST" skipped="0">
  <testcase classname="RequestChaining.CreateProjectGetAndUpdate" name="createProjectAndUpdate" time="6.690"/>
  <system-out/>
</testsuite> <!-- RequestChaining.CreateProjectGetAndUpdate -->
