<?xml version="1.0" encoding="UTF-8"?>
<!-- Generated by org.testng.reporters.JUnitReportReporter -->
<testsuite hostname="Reshma-PC" failures="0" tests="5" name="DataDrivenTest.CreateProject" time="4.239" errors="0" timestamp="2022-07-18T07:51:20 IST" skipped="0">
  <testcase classname="DataDrivenTest.CreateProject" name="createProject" time="0.074"/>
  <system-out/>
  <testcase classname="DataDrivenTest.CreateProject" name="createProject" time="3.799"/>
  <system-out/>
  <testcase classname="DataDrivenTest.CreateProject" name="createProject" time="0.087"/>
  <system-out/>
  <testcase classname="DataDrivenTest.CreateProject" name="createProject" time="0.185"/>
  <system-out/>
  <testcase classname="DataDrivenTest.CreateProject" name="createProject" time="0.094"/>
  <system-out/>
</testsuite> <!-- DataDrivenTest.CreateProject -->
