<?xml version="1.0" encoding="UTF-8"?>
<!-- Generated by org.testng.reporters.JUnitReportReporter -->
<testsuite hostname="Reshma-PC" failures="0" tests="1" name="CRUDwithoutBdd.DeleteSingleProject" time="5.392" errors="0" timestamp="2022-07-10T00:15:19 IST" skipped="0">
  <testcase classname="CRUDwithoutBdd.DeleteSingleProject" name="deleteSingleProject" time="5.392"/>
  <system-out/>
</testsuite> <!-- CRUDwithoutBdd.DeleteSingleProject -->
