<?xml version="1.0" encoding="UTF-8"?>
<!-- Generated by org.testng.reporters.JUnitReportReporter -->
<testsuite hostname="Reshma-PC" failures="0" tests="1" name="RequestChaining.CreateProjectAndGet" time="5.829" errors="0" timestamp="2022-08-02T16:53:11 IST" skipped="0">
  <testcase classname="RequestChaining.CreateProjectAndGet" name="createProjectAndGet" time="5.829"/>
  <system-out/>
</testsuite> <!-- RequestChaining.CreateProjectAndGet -->
