<?xml version="1.0" encoding="UTF-8"?>
<!-- Generated by org.testng.reporters.JUnitReportReporter -->
<testsuite hostname="Reshma-PC" failures="0" tests="1" name="ParametersTest.QueryParameter" time="5.288" errors="0" timestamp="2022-07-08T16:54:23 IST" skipped="0">
  <testcase classname="ParametersTest.QueryParameter" name="queryParameter" time="5.288"/>
  <system-out/>
</testsuite> <!-- ParametersTest.QueryParameter -->
