<?xml version="1.0" encoding="UTF-8"?>
<!-- Generated by org.testng.reporters.JUnitReportReporter -->
<testsuite hostname="Reshma-PC" failures="0" tests="1" name="CRUDwithoutBdd.GetSingleProject" time="4.351" errors="0" timestamp="2022-08-02T16:49:58 IST" skipped="0">
  <testcase classname="CRUDwithoutBdd.GetSingleProject" name="getSingleProjectTest" time="4.351"/>
  <system-out/>
</testsuite> <!-- CRUDwithoutBdd.GetSingleProject -->
