<?xml version="1.0" encoding="UTF-8"?>
<!-- Generated by org.testng.reporters.JUnitReportReporter -->
<testsuite hostname="Reshma-PC" failures="0" tests="1" name="CRUDwithoutBdd.CreateProject" time="6.648" errors="0" timestamp="2022-07-30T19:55:41 IST" skipped="0">
  <testcase classname="CRUDwithoutBdd.CreateProject" name="createProject" time="6.648"/>
  <system-out/>
</testsuite> <!-- CRUDwithoutBdd.CreateProject -->
