<?xml version="1.0" encoding="UTF-8"?>
<!-- Generated by org.testng.reporters.JUnitReportReporter -->
<testsuite hostname="Reshma-PC" failures="0" tests="1" name="CRUDwithoutBdd.UpdateProjectTest" time="10.140" errors="0" timestamp="7 Jul 2022 09:53:40 GMT">
  <testcase classname="CRUDwithoutBdd.UpdateProjectTest" name="updateSingleProject" time="10.140"/>
</testsuite> <!-- CRUDwithoutBdd.UpdateProjectTest -->
