<?xml version="1.0" encoding="UTF-8"?>
<!-- Generated by org.testng.reporters.JUnitReportReporter -->
<testsuite hostname="Reshma-PC" failures="0" tests="1" name="RequestChaining.CreateProjectGetAndDelete" time="5.892" errors="0" timestamp="2022-08-02T16:55:09 IST" skipped="0">
  <testcase classname="RequestChaining.CreateProjectGetAndDelete" name="createProjectGetAndDelete" time="5.892"/>
  <system-out/>
</testsuite> <!-- RequestChaining.CreateProjectGetAndDelete -->
