<?xml version="1.0" encoding="UTF-8"?>
<!-- Generated by org.testng.reporters.JUnitReportReporter -->
<testsuite hostname="Reshma-PC" failures="0" tests="1" name="DiiferentWaysToPostRequest.CreateProjectUsingJsonOBject" time="5.592" errors="0" timestamp="2022-07-08T10:38:06 IST" skipped="0">
  <testcase classname="DiiferentWaysToPostRequest.CreateProjectUsingJsonOBject" name="createProjectUsingJsonObject" time="5.592"/>
  <system-out/>
</testsuite> <!-- DiiferentWaysToPostRequest.CreateProjectUsingJsonOBject -->
