<?xml version="1.0" encoding="UTF-8"?>
<!-- Generated by org.testng.reporters.JUnitReportReporter -->
<testsuite hostname="Reshma-PC" failures="0" tests="1" name="Authentication.BasicOath" time="3.716" errors="0" timestamp="2022-08-03T15:03:52 IST" skipped="0">
  <testcase classname="Authentication.BasicOath" name="basicAuth" time="3.716"/>
  <system-out/>
</testsuite> <!-- Authentication.BasicOath -->
