<?xml version="1.0" encoding="UTF-8"?>
<!-- Generated by org.testng.reporters.JUnitReportReporter -->
<testsuite hostname="Reshma-PC" failures="0" tests="1" name="ResponseValidation.DynamicResponseValidation" time="4.420" errors="0" timestamp="2022-07-30T11:54:07 IST" skipped="0">
  <testcase classname="ResponseValidation.DynamicResponseValidation" name="dynamicResponseValidation" time="4.420"/>
  <system-out/>
</testsuite> <!-- ResponseValidation.DynamicResponseValidation -->
