<?xml version="1.0" encoding="UTF-8"?>
<!-- Generated by org.testng.reporters.JUnitReportReporter -->
<testsuite hostname="Reshma-PC" failures="0" tests="1" name="ParametersTest.QueryParameter" time="4.235" errors="0" timestamp="2022-08-03T14:50:36 IST" skipped="0">
  <testcase classname="ParametersTest.QueryParameter" name="queryParameter" time="4.235"/>
  <system-out/>
</testsuite> <!-- ParametersTest.QueryParameter -->
