<?xml version="1.0" encoding="UTF-8"?>
<!-- Generated by org.testng.reporters.JUnitReportReporter -->
<testsuite hostname="Reshma-PC" failures="0" tests="1" name="CRUDwithoutBdd.GetSingleProject" time="3.209" errors="0" timestamp="2022-07-30T05:59:35 IST" skipped="0">
  <testcase classname="CRUDwithoutBdd.GetSingleProject" name="getSingleProjectTest" time="3.209"/>
  <system-out/>
</testsuite> <!-- CRUDwithoutBdd.GetSingleProject -->
