<?xml version="1.0" encoding="UTF-8"?>
<!-- Generated by org.testng.reporters.JUnitReportReporter -->
<testsuite hostname="Reshma-PC" failures="0" tests="1" name="Authentication.Oauth2Test" time="12.139" errors="0" timestamp="2022-08-03T17:51:58 IST" skipped="0">
  <testcase classname="Authentication.Oauth2Test" name="oauth2Test" time="12.139"/>
  <system-out>
    <![CDATA[65834ab2bed9b6d48e4070437ff46c269d6b7b05]]>
  </system-out>
</testsuite> <!-- Authentication.Oauth2Test -->
