<?xml version="1.0" encoding="UTF-8"?>
<!-- Generated by org.testng.reporters.JUnitReportReporter -->
<testsuite hostname="Reshma-PC" failures="0" tests="1" name="com.crm.CreateOrganization.CreateOrganizationByExcelTest" time="48.055" errors="0" timestamp="2022-06-21T12:04:51 IST" skipped="0">
  <testcase classname="com.crm.CreateOrganization.CreateOrganizationByExcelTest" name="CreateOrganization" time="48.055"/>
  <system-out/>
</testsuite> <!-- com.crm.CreateOrganization.CreateOrganizationByExcelTest -->
