<?xml version="1.0" encoding="UTF-8"?>
<!-- Generated by org.testng.reporters.JUnitReportReporter -->
<testsuite skipped="0" hostname="Reshma-PC" name="com.crm.CreateOrganization.CreateOrganizationByExcelTest" tests="1" failures="0" timestamp="2022-06-21T11:41:17 IST" time="53.408" errors="0">
  <testcase name="CreateOrganization" time="53.408" classname="com.crm.CreateOrganization.CreateOrganizationByExcelTest"/>
  <system-out/>
</testsuite> <!-- com.crm.CreateOrganization.CreateOrganizationByExcelTest -->
