<?xml version="1.0" encoding="UTF-8"?>
<!-- Generated by org.testng.reporters.JUnitReportReporter -->
<testsuite hostname="Reshma-PC" failures="0" tests="1" name="com.crm.Campaign.CampaignAdvanceSaerchTest" time="22.103" errors="0" timestamp="2022-07-28T19:51:48 IST" skipped="0">
  <testcase classname="com.crm.Campaign.CampaignAdvanceSaerchTest" name="CampaignAdvanceSearch" time="22.103"/>
  <system-out/>
</testsuite> <!-- com.crm.Campaign.CampaignAdvanceSaerchTest -->
