<?xml version="1.0" encoding="UTF-8"?>
<!-- Generated by org.testng.reporters.JUnitReportReporter -->
<testsuite hostname="Reshma-PC" failures="0" tests="1" name="Practice.CreateLeatTest" time="55.332" errors="0" timestamp="2022-08-01T17:38:07 IST" skipped="0">
  <testcase classname="Practice.CreateLeatTest" name="createLead" time="55.332"/>
  <system-out/>
</testsuite> <!-- Practice.CreateLeatTest -->
