<?xml version="1.0" encoding="UTF-8"?>
<!-- Generated by org.testng.reporters.JUnitReportReporter -->
<testsuite hostname="Reshma-PC" failures="0" tests="2" name="Practice.classA" time="0.005" errors="0" timestamp="2022-08-01T15:44:09 IST" skipped="0">
  <testcase classname="Practice.classA" name="classaa" time="0.003"/>
  <system-out/>
  <testcase classname="Practice.classA" name="classab" time="0.002"/>
  <system-out/>
</testsuite> <!-- Practice.classA -->
