<?xml version="1.0" encoding="UTF-8"?>
<!-- Generated by org.testng.reporters.JUnitReportReporter -->
<testsuite hostname="Reshma-PC" failures="0" tests="2" name="JDBC.DataLaptop" time="0.037" errors="0" timestamp="2022-06-26T19:13:43 IST" skipped="0">
  <testcase classname="JDBC.DataLaptop" name="DataLap" time="0.002"/>
  <system-out/>
  <testcase classname="JDBC.DataLaptop" name="DataLap" time="0.035"/>
  <system-out/>
</testsuite> <!-- JDBC.DataLaptop -->
