<?xml version="1.0" encoding="UTF-8"?>
<!-- Generated by org.testng.reporters.JUnitReportReporter -->
<testsuite hostname="Reshma-PC" failures="0" tests="1" name="CRUDOperationWithBDD.CreateProjectTest" time="3.031" errors="0" timestamp="17 Jul 2022 17:12:12 GMT">
  <testcase classname="CRUDOperationWithBDD.CreateProjectTest" name="createProjectTest" time="3.031"/>
</testsuite> <!-- CRUDOperationWithBDD.CreateProjectTest -->
