<?xml version="1.0" encoding="UTF-8"?>
<!-- Generated by org.testng.reporters.JUnitReportReporter -->
<testsuite hostname="Reshma-PC" failures="0" tests="1" name="CRUDWithoutBDD.putTest" time="5.420" errors="0" timestamp="30 Jul 2022 00:55:04 GMT">
  <testcase classname="CRUDWithoutBDD.putTest" name="PutTest" time="5.420"/>
</testsuite> <!-- CRUDWithoutBDD.putTest -->
