<?xml version="1.0" encoding="UTF-8"?>
<!-- Generated by org.testng.reporters.JUnitReportReporter -->
<testsuite hostname="Reshma-PC" failures="0" tests="1" name="CRUDWitBDD.PutTest" time="3.825" errors="0" timestamp="30 Jul 2022 01:44:48 GMT">
  <testcase classname="CRUDWitBDD.PutTest" name="createTest" time="3.825"/>
</testsuite> <!-- CRUDWitBDD.PutTest -->
