<?xml version="1.0" encoding="UTF-8"?>
<!-- Generated by org.testng.reporters.JUnitReportReporter -->
<testsuite hostname="Reshma-PC" failures="0" tests="1" name="CRUDWithoutBDD.CreateProjectTest" time="36.094" errors="0" timestamp="29 Jul 2022 14:55:51 GMT">
  <testcase classname="CRUDWithoutBDD.CreateProjectTest" name="createProjectTest" time="36.094"/>
</testsuite> <!-- CRUDWithoutBDD.CreateProjectTest -->
