<?xml version="1.0" encoding="UTF-8"?>
<!-- Generated by org.testng.reporters.JUnitReportReporter -->
<testsuite hostname="Reshma-PC" failures="0" tests="1" name="CRUDWithoutBDD.GetSingleProjectTest" time="3.830" errors="0" timestamp="30 Jul 2022 05:07:48 GMT">
  <testcase classname="CRUDWithoutBDD.GetSingleProjectTest" name="getSingleProjectTest" time="3.830"/>
</testsuite> <!-- CRUDWithoutBDD.GetSingleProjectTest -->
