<?xml version="1.0" encoding="UTF-8"?>
<!-- Generated by org.testng.reporters.JUnitReportReporter -->
<testsuite hostname="Reshma-PC" failures="0" tests="1" name="CRUDWitBDD.CreateProjectTest" time="4.369" errors="0" timestamp="30 Jul 2022 01:31:23 GMT">
  <testcase classname="CRUDWitBDD.CreateProjectTest" name="createTest" time="4.369"/>
</testsuite> <!-- CRUDWitBDD.CreateProjectTest -->
