<?xml version="1.0" encoding="UTF-8"?>
<!-- Generated by org.testng.reporters.JUnitReportReporter -->
<testsuite hostname="Reshma-PC" failures="0" tests="1" name="Parameters.PathParameterTest" time="2.975" errors="0" timestamp="30 Jul 2022 14:59:26 GMT">
  <testcase classname="Parameters.PathParameterTest" name="getSingleProject" time="2.975"/>
</testsuite> <!-- Parameters.PathParameterTest -->
