<?xml version="1.0" encoding="UTF-8"?>
<!-- Generated by org.testng.reporters.JUnitReportReporter -->
<testsuite hostname="Reshma-PC" failures="0" tests="1" name="CRUDWithoutBDD.GetProjectsTest" time="3.126" errors="0" timestamp="30 Jul 2022 00:37:49 GMT">
  <testcase classname="CRUDWithoutBDD.GetProjectsTest" name="getProjectTest" time="3.126"/>
</testsuite> <!-- CRUDWithoutBDD.GetProjectsTest -->
