<?xml version="1.0" encoding="UTF-8"?>
<!-- Generated by org.testng.reporters.JUnitReportReporter -->
<testsuite hostname="Reshma-PC" failures="0" tests="1" name="CRUDWitBDD.DeleteTest" time="2.933" errors="0" timestamp="30 Jul 2022 01:48:28 GMT">
  <testcase classname="CRUDWitBDD.DeleteTest" name="deleteTest" time="2.933"/>
</testsuite> <!-- CRUDWitBDD.DeleteTest -->
