<?xml version="1.0" encoding="UTF-8"?>
<!-- Generated by org.testng.reporters.JUnitReportReporter -->
<testsuite hostname="Reshma-PC" failures="0" tests="1" name="CRUDWithoutBDD.DeleteTest" time="3.123" errors="0" timestamp="30 Jul 2022 01:13:08 GMT">
  <testcase classname="CRUDWithoutBDD.DeleteTest" name="deleteTest" time="3.123"/>
</testsuite> <!-- CRUDWithoutBDD.DeleteTest -->
