<?xml version="1.0" encoding="UTF-8"?>
<!-- Generated by org.testng.reporters.JUnitReportReporter -->
<testsuite hostname="Reshma-PC" failures="0" tests="1" name="CRUDWitBDD.GetTest" time="2.991" errors="0" timestamp="30 Jul 2022 01:39:51 GMT">
  <testcase classname="CRUDWitBDD.GetTest" name="getTest" time="2.991"/>
</testsuite> <!-- CRUDWitBDD.GetTest -->
